\BOOKMARK [0][-]{chapter*.2}{Welcome!}{}% 1
\BOOKMARK [0][-]{chapter.1}{Resuscitation}{}% 2
\BOOKMARK [1][-]{section.1.1}{Advanced\040Life\040Support}{chapter.1}% 3
\BOOKMARK [1][-]{section.1.2}{Major\040Incident}{chapter.1}% 4
\BOOKMARK [1][-]{section.1.3}{Haemodynamically\040Unstable\040Polytrauma\040\(Code\040Red\)}{chapter.1}% 5
\BOOKMARK [1][-]{section.1.4}{Adult\040Massive\040Haemorrhage\040Policy}{chapter.1}% 6
\BOOKMARK [1][-]{section.1.5}{Reversing\040oral\040anticoagulants\040in\040massive\040haemorrhage}{chapter.1}% 7
\BOOKMARK [0][-]{chapter.2}{Airway\040Problems}{}% 8
\BOOKMARK [1][-]{section.2.1}{Emergency\040Contacts}{chapter.2}% 9
\BOOKMARK [1][-]{section.2.2}{Airway\040Assessment}{chapter.2}% 10
\BOOKMARK [1][-]{section.2.3}{Threaten\040the\040Airway}{chapter.2}% 11
\BOOKMARK [1][-]{section.2.4}{ENT\040Emergencies}{chapter.2}% 12
\BOOKMARK [0][-]{chapter.3}{Breathing}{}% 13
\BOOKMARK [1][-]{section.3.1}{Introduction}{chapter.3}% 14
\BOOKMARK [1][-]{section.3.2}{Useful\040Contacts}{chapter.3}% 15
\BOOKMARK [1][-]{section.3.3}{Respiratory\040Emergencies}{chapter.3}% 16
\BOOKMARK [1][-]{section.3.4}{Non-invasive\040Ventilation\040\(NIV\)}{chapter.3}% 17
\BOOKMARK [1][-]{section.3.5}{How\040to\040set\040up\040NIV\040\(extracted\040from\040BTS\040guideline\)}{chapter.3}% 18
\BOOKMARK [1][-]{section.3.6}{Tuberculosis}{chapter.3}% 19
\BOOKMARK [1][-]{section.3.7}{Pneumothorax}{chapter.3}% 20
\BOOKMARK [1][-]{section.3.8}{Haemopneumothorax\040\(haemothorax\)}{chapter.3}% 21
\BOOKMARK [1][-]{section.3.9}{Non\040Respiratory\040causes\040of\040respiratory\040compensation}{chapter.3}% 22
\BOOKMARK [1][-]{section.3.10}{Assessment\040of\040Breathing}{chapter.3}% 23
\BOOKMARK [0][-]{chapter.4}{Cardiology\040and\040Vascular}{}% 24
\BOOKMARK [0][-]{chapter.5}{Neurology\040/\040MFE}{}% 25
\BOOKMARK [0][-]{chapter.6}{Renal\040&\040Endocrine}{}% 26
\BOOKMARK [0][-]{chapter.7}{Obstetrics\040&\040Gynaecological}{}% 27
\BOOKMARK [0][-]{chapter.8}{Psychiatric\040Emergencies}{}% 28
\BOOKMARK [0][-]{chapter.9}{Surgical}{}% 29
\BOOKMARK [0][-]{chapter.10}{Pain}{}% 30
\BOOKMARK [0][-]{chapter.11}{Death}{}% 31
\BOOKMARK [0][-]{chapter.12}{Poisons}{}% 32
\BOOKMARK [0][-]{chapter.13}{Major\040Incident}{}% 33
\BOOKMARK [0][-]{chapter.14}{Practical\040Procedures}{}% 34
\BOOKMARK [0][-]{chapter.15}{Calculations}{}% 35
\BOOKMARK [0][-]{chapter.16}{Paediatrics}{}% 36
\BOOKMARK [0][-]{chapter.17}{Infection}{}% 37
\BOOKMARK [0][-]{chapter.18}{Feedback}{}% 38
\BOOKMARK [0][-]{chapter.19}{Credits}{}% 39
